Debug|Reading config...
Debug|Reading referenced images from 'C:\Users\Sanjay\Google Drive\Watchfaces\Tamarind\Precomp\blue eng mmdd'
Trace|Loading resources for 2 'Background'
Trace|Loading resources for 2.1 'ImageBasic'
Trace|Loading image 0...
Trace|File C:\Users\Sanjay\Google Drive\Watchfaces\Tamarind\Precomp\blue eng mmdd\0000.png doesn't exists.
Trace|Image was loaded from file C:\Users\Sanjay\Google Drive\Watchfaces\Tamarind\Precomp\blue eng mmdd\000.png
Trace|Loading resources for 3 'Time'
Trace|Loading resources for 3.1 'TwoDigits'
Trace|Loading resources for 3.1.1 'ImageSet'
Trace|Loading image 1...
Trace|File C:\Users\Sanjay\Google Drive\Watchfaces\Tamarind\Precomp\blue eng mmdd\0001.png doesn't exists.
Trace|Image was loaded from file C:\Users\Sanjay\Google Drive\Watchfaces\Tamarind\Precomp\blue eng mmdd\001.png
Trace|Loading image 2...
Trace|File C:\Users\Sanjay\Google Drive\Watchfaces\Tamarind\Precomp\blue eng mmdd\0002.png doesn't exists.
Trace|Image was loaded from file C:\Users\Sanjay\Google Drive\Watchfaces\Tamarind\Precomp\blue eng mmdd\002.png
Trace|Loading image 3...
Trace|File C:\Users\Sanjay\Google Drive\Watchfaces\Tamarind\Precomp\blue eng mmdd\0003.png doesn't exists.
Trace|Image was loaded from file C:\Users\Sanjay\Google Drive\Watchfaces\Tamarind\Precomp\blue eng mmdd\003.png
Trace|Loading resources for 3.1.2 'ImageSet'
Trace|Loading image 4...
Trace|File C:\Users\Sanjay\Google Drive\Watchfaces\Tamarind\Precomp\blue eng mmdd\0004.png doesn't exists.
Trace|Image was loaded from file C:\Users\Sanjay\Google Drive\Watchfaces\Tamarind\Precomp\blue eng mmdd\004.png
Trace|Loading image 5...
Trace|File C:\Users\Sanjay\Google Drive\Watchfaces\Tamarind\Precomp\blue eng mmdd\0005.png doesn't exists.
Trace|Image was loaded from file C:\Users\Sanjay\Google Drive\Watchfaces\Tamarind\Precomp\blue eng mmdd\005.png
Trace|Loading image 6...
Trace|File C:\Users\Sanjay\Google Drive\Watchfaces\Tamarind\Precomp\blue eng mmdd\0006.png doesn't exists.
Trace|Image was loaded from file C:\Users\Sanjay\Google Drive\Watchfaces\Tamarind\Precomp\blue eng mmdd\006.png
Trace|Loading image 7...
Trace|File C:\Users\Sanjay\Google Drive\Watchfaces\Tamarind\Precomp\blue eng mmdd\0007.png doesn't exists.
Trace|Image was loaded from file C:\Users\Sanjay\Google Drive\Watchfaces\Tamarind\Precomp\blue eng mmdd\007.png
Trace|Loading image 8...
Trace|File C:\Users\Sanjay\Google Drive\Watchfaces\Tamarind\Precomp\blue eng mmdd\0008.png doesn't exists.
Trace|Image was loaded from file C:\Users\Sanjay\Google Drive\Watchfaces\Tamarind\Precomp\blue eng mmdd\008.png
Trace|Loading image 9...
Trace|File C:\Users\Sanjay\Google Drive\Watchfaces\Tamarind\Precomp\blue eng mmdd\0009.png doesn't exists.
Trace|Image was loaded from file C:\Users\Sanjay\Google Drive\Watchfaces\Tamarind\Precomp\blue eng mmdd\009.png
Trace|Loading image 10...
Trace|File C:\Users\Sanjay\Google Drive\Watchfaces\Tamarind\Precomp\blue eng mmdd\0010.png doesn't exists.
Trace|Image was loaded from file C:\Users\Sanjay\Google Drive\Watchfaces\Tamarind\Precomp\blue eng mmdd\010.png
Trace|Loading resources for 3.2 'TwoDigits'
Trace|Loading resources for 3.2.1 'ImageSet'
Trace|Loading resources for 3.2.2 'ImageSet'
Trace|Loading resources for 5 'Date'
Trace|Loading resources for 5.1 'MonthAndDay'
Trace|Loading resources for 5.1.1 'SeparateMonthAndDay'
Trace|Loading resources for 5.1.1.1 'Number'
Trace|Loading resources for 5.1.1.1.5 'TextAlignment'
Trace|Loading image 32...
Trace|File C:\Users\Sanjay\Google Drive\Watchfaces\Tamarind\Precomp\blue eng mmdd\0032.png doesn't exists.
Trace|Image was loaded from file C:\Users\Sanjay\Google Drive\Watchfaces\Tamarind\Precomp\blue eng mmdd\032.png
Trace|Loading image 33...
Trace|File C:\Users\Sanjay\Google Drive\Watchfaces\Tamarind\Precomp\blue eng mmdd\0033.png doesn't exists.
Trace|Image was loaded from file C:\Users\Sanjay\Google Drive\Watchfaces\Tamarind\Precomp\blue eng mmdd\033.png
Trace|Loading image 34...
Trace|File C:\Users\Sanjay\Google Drive\Watchfaces\Tamarind\Precomp\blue eng mmdd\0034.png doesn't exists.
Trace|Image was loaded from file C:\Users\Sanjay\Google Drive\Watchfaces\Tamarind\Precomp\blue eng mmdd\034.png
Trace|Loading image 35...
Trace|File C:\Users\Sanjay\Google Drive\Watchfaces\Tamarind\Precomp\blue eng mmdd\0035.png doesn't exists.
Trace|Image was loaded from file C:\Users\Sanjay\Google Drive\Watchfaces\Tamarind\Precomp\blue eng mmdd\035.png
Trace|Loading image 36...
Trace|File C:\Users\Sanjay\Google Drive\Watchfaces\Tamarind\Precomp\blue eng mmdd\0036.png doesn't exists.
Trace|Image was loaded from file C:\Users\Sanjay\Google Drive\Watchfaces\Tamarind\Precomp\blue eng mmdd\036.png
Trace|Loading image 37...
Trace|File C:\Users\Sanjay\Google Drive\Watchfaces\Tamarind\Precomp\blue eng mmdd\0037.png doesn't exists.
Trace|Image was loaded from file C:\Users\Sanjay\Google Drive\Watchfaces\Tamarind\Precomp\blue eng mmdd\037.png
Trace|Loading image 38...
Trace|File C:\Users\Sanjay\Google Drive\Watchfaces\Tamarind\Precomp\blue eng mmdd\0038.png doesn't exists.
Trace|Image was loaded from file C:\Users\Sanjay\Google Drive\Watchfaces\Tamarind\Precomp\blue eng mmdd\038.png
Trace|Loading image 39...
Trace|File C:\Users\Sanjay\Google Drive\Watchfaces\Tamarind\Precomp\blue eng mmdd\0039.png doesn't exists.
Trace|Image was loaded from file C:\Users\Sanjay\Google Drive\Watchfaces\Tamarind\Precomp\blue eng mmdd\039.png
Trace|Loading image 40...
Trace|File C:\Users\Sanjay\Google Drive\Watchfaces\Tamarind\Precomp\blue eng mmdd\0040.png doesn't exists.
Trace|Image was loaded from file C:\Users\Sanjay\Google Drive\Watchfaces\Tamarind\Precomp\blue eng mmdd\040.png
Trace|Loading image 41...
Trace|File C:\Users\Sanjay\Google Drive\Watchfaces\Tamarind\Precomp\blue eng mmdd\0041.png doesn't exists.
Trace|Image was loaded from file C:\Users\Sanjay\Google Drive\Watchfaces\Tamarind\Precomp\blue eng mmdd\041.png
Trace|Loading resources for 5.1.1.3 'Number'
Trace|Loading resources for 5.1.1.3.5 'TextAlignment'
Trace|Loading resources for 5.1.3 'Boolean'
Trace|Loading resources for 5.1.4 'Boolean'
Trace|Loading resources for 5.2 'ImageSet'
Trace|Loading image 11...
Trace|File C:\Users\Sanjay\Google Drive\Watchfaces\Tamarind\Precomp\blue eng mmdd\0011.png doesn't exists.
Trace|Image was loaded from file C:\Users\Sanjay\Google Drive\Watchfaces\Tamarind\Precomp\blue eng mmdd\011.png
Trace|Loading image 12...
Trace|File C:\Users\Sanjay\Google Drive\Watchfaces\Tamarind\Precomp\blue eng mmdd\0012.png doesn't exists.
Trace|Image was loaded from file C:\Users\Sanjay\Google Drive\Watchfaces\Tamarind\Precomp\blue eng mmdd\012.png
Trace|Loading image 13...
Trace|File C:\Users\Sanjay\Google Drive\Watchfaces\Tamarind\Precomp\blue eng mmdd\0013.png doesn't exists.
Trace|Image was loaded from file C:\Users\Sanjay\Google Drive\Watchfaces\Tamarind\Precomp\blue eng mmdd\013.png
Trace|Loading image 14...
Trace|File C:\Users\Sanjay\Google Drive\Watchfaces\Tamarind\Precomp\blue eng mmdd\0014.png doesn't exists.
Trace|Image was loaded from file C:\Users\Sanjay\Google Drive\Watchfaces\Tamarind\Precomp\blue eng mmdd\014.png
Trace|Loading image 15...
Trace|File C:\Users\Sanjay\Google Drive\Watchfaces\Tamarind\Precomp\blue eng mmdd\0015.png doesn't exists.
Trace|Image was loaded from file C:\Users\Sanjay\Google Drive\Watchfaces\Tamarind\Precomp\blue eng mmdd\015.png
Trace|Loading image 16...
Trace|File C:\Users\Sanjay\Google Drive\Watchfaces\Tamarind\Precomp\blue eng mmdd\0016.png doesn't exists.
Trace|Image was loaded from file C:\Users\Sanjay\Google Drive\Watchfaces\Tamarind\Precomp\blue eng mmdd\016.png
Trace|Loading image 17...
Trace|File C:\Users\Sanjay\Google Drive\Watchfaces\Tamarind\Precomp\blue eng mmdd\0017.png doesn't exists.
Trace|Image was loaded from file C:\Users\Sanjay\Google Drive\Watchfaces\Tamarind\Precomp\blue eng mmdd\017.png
Trace|Loading image 18...
Trace|File C:\Users\Sanjay\Google Drive\Watchfaces\Tamarind\Precomp\blue eng mmdd\0018.png doesn't exists.
Trace|Image was loaded from file C:\Users\Sanjay\Google Drive\Watchfaces\Tamarind\Precomp\blue eng mmdd\018.png
Trace|Loading image 19...
Trace|File C:\Users\Sanjay\Google Drive\Watchfaces\Tamarind\Precomp\blue eng mmdd\0019.png doesn't exists.
Trace|Image was loaded from file C:\Users\Sanjay\Google Drive\Watchfaces\Tamarind\Precomp\blue eng mmdd\019.png
Trace|Loading image 20...
Trace|File C:\Users\Sanjay\Google Drive\Watchfaces\Tamarind\Precomp\blue eng mmdd\0020.png doesn't exists.
Trace|Image was loaded from file C:\Users\Sanjay\Google Drive\Watchfaces\Tamarind\Precomp\blue eng mmdd\020.png
Trace|Loading image 21...
Trace|File C:\Users\Sanjay\Google Drive\Watchfaces\Tamarind\Precomp\blue eng mmdd\0021.png doesn't exists.
Trace|Image was loaded from file C:\Users\Sanjay\Google Drive\Watchfaces\Tamarind\Precomp\blue eng mmdd\021.png
Trace|Loading image 22...
Trace|File C:\Users\Sanjay\Google Drive\Watchfaces\Tamarind\Precomp\blue eng mmdd\0022.png doesn't exists.
Trace|Image was loaded from file C:\Users\Sanjay\Google Drive\Watchfaces\Tamarind\Precomp\blue eng mmdd\022.png
Trace|Loading image 23...
Trace|File C:\Users\Sanjay\Google Drive\Watchfaces\Tamarind\Precomp\blue eng mmdd\0023.png doesn't exists.
Trace|Image was loaded from file C:\Users\Sanjay\Google Drive\Watchfaces\Tamarind\Precomp\blue eng mmdd\023.png
Trace|Loading image 24...
Trace|File C:\Users\Sanjay\Google Drive\Watchfaces\Tamarind\Precomp\blue eng mmdd\0024.png doesn't exists.
Trace|Image was loaded from file C:\Users\Sanjay\Google Drive\Watchfaces\Tamarind\Precomp\blue eng mmdd\024.png
Trace|Loading image 25...
Trace|File C:\Users\Sanjay\Google Drive\Watchfaces\Tamarind\Precomp\blue eng mmdd\0025.png doesn't exists.
Trace|Image was loaded from file C:\Users\Sanjay\Google Drive\Watchfaces\Tamarind\Precomp\blue eng mmdd\025.png
Trace|Loading image 26...
Trace|File C:\Users\Sanjay\Google Drive\Watchfaces\Tamarind\Precomp\blue eng mmdd\0026.png doesn't exists.
Trace|Image was loaded from file C:\Users\Sanjay\Google Drive\Watchfaces\Tamarind\Precomp\blue eng mmdd\026.png
Trace|Loading image 27...
Trace|File C:\Users\Sanjay\Google Drive\Watchfaces\Tamarind\Precomp\blue eng mmdd\0027.png doesn't exists.
Trace|Image was loaded from file C:\Users\Sanjay\Google Drive\Watchfaces\Tamarind\Precomp\blue eng mmdd\027.png
Trace|Loading image 28...
Trace|File C:\Users\Sanjay\Google Drive\Watchfaces\Tamarind\Precomp\blue eng mmdd\0028.png doesn't exists.
Trace|Image was loaded from file C:\Users\Sanjay\Google Drive\Watchfaces\Tamarind\Precomp\blue eng mmdd\028.png
Trace|Loading image 29...
Trace|File C:\Users\Sanjay\Google Drive\Watchfaces\Tamarind\Precomp\blue eng mmdd\0029.png doesn't exists.
Trace|Image was loaded from file C:\Users\Sanjay\Google Drive\Watchfaces\Tamarind\Precomp\blue eng mmdd\029.png
Trace|Loading image 30...
Trace|File C:\Users\Sanjay\Google Drive\Watchfaces\Tamarind\Precomp\blue eng mmdd\0030.png doesn't exists.
Trace|Image was loaded from file C:\Users\Sanjay\Google Drive\Watchfaces\Tamarind\Precomp\blue eng mmdd\030.png
Trace|Loading image 31...
Trace|File C:\Users\Sanjay\Google Drive\Watchfaces\Tamarind\Precomp\blue eng mmdd\0031.png doesn't exists.
Trace|Image was loaded from file C:\Users\Sanjay\Google Drive\Watchfaces\Tamarind\Precomp\blue eng mmdd\031.png
Trace|Building parameters for watch face...
Trace|2.1.1 'X': 0
Trace|2.1.2 'Y': 0
Trace|2.1.3 'ImageIndex': 0
Trace|2.1 'Image'
Trace|2 'Background'
Trace|3.1.1.1 'X': 21
Trace|3.1.1.2 'Y': 54
Trace|3.1.1.3 'ImageIndex': 1
Trace|3.1.1.4 'ImagesCount': 3
Trace|3.1.1 'Tens'
Trace|3.1.2.1 'X': 63
Trace|3.1.2.2 'Y': 54
Trace|3.1.2.3 'ImageIndex': 1
Trace|3.1.2.4 'ImagesCount': 10
Trace|3.1.2 'Ones'
Trace|3.1 'Hours'
Trace|3.2.1.1 'X': 21
Trace|3.2.1.2 'Y': 114
Trace|3.2.1.3 'ImageIndex': 1
Trace|3.2.1.4 'ImagesCount': 6
Trace|3.2.1 'Tens'
Trace|3.2.2.1 'X': 63
Trace|3.2.2.2 'Y': 114
Trace|3.2.2.3 'ImageIndex': 1
Trace|3.2.2.4 'ImagesCount': 10
Trace|3.2.2 'Ones'
Trace|3.2 'Minutes'
Trace|3 'Time'
Trace|5.1.1.1.1 'TopLeftX': 41
Trace|5.1.1.1.2 'TopLeftY': 190
Trace|5.1.1.1.3 'BottomRightX': 57
Trace|5.1.1.1.4 'BottomRightY': 201
Trace|5.1.1.1.5 'Alignment': 20
Trace|5.1.1.1.6 'Spacing': 0
Trace|5.1.1.1.7 'ImageIndex': 32
Trace|5.1.1.1.8 'ImagesCount': 10
Trace|5.1.1.1 'Month'
Trace|5.1.1.3.1 'TopLeftX': 64
Trace|5.1.1.3.2 'TopLeftY': 190
Trace|5.1.1.3.3 'BottomRightX': 80
Trace|5.1.1.3.4 'BottomRightY': 201
Trace|5.1.1.3.5 'Alignment': 16
Trace|5.1.1.3.6 'Spacing': 0
Trace|5.1.1.3.7 'ImageIndex': 32
Trace|5.1.1.3.8 'ImagesCount': 10
Trace|5.1.1.3 'Day'
Trace|5.1.1 'Separate'
Trace|5.1.3 'TwoDigitsMonth': 0
Trace|5.1.4 'TwoDigitsDay': 1
Trace|5.1 'MonthAndDay'
Trace|5.2.1 'X': 23
Trace|5.2.2 'Y': 174
Trace|5.2.3 'ImageIndex': 11
Trace|5.2.4 'ImagesCount': 21
Trace|5.2 'WeekDay'
Trace|5 'Date'
Debug|Generating previews...
Debug|Writing watch face to 'C:\Users\Sanjay\Google Drive\Watchfaces\Tamarind\Precomp\blue eng mmdd\blue eng mmdd_packed.bin'
Trace|Encoding parameters...
Trace|Parameter: 2
Trace|1 (0A):
Trace|    1 (08): 0 (00)
Trace|    2 (10): 0 (00)
Trace|    3 (18): 0 (00)
Trace|8 bytes
Trace|Parameter: 3
Trace|1 (0A):
Trace|    1 (0A):
Trace|        1 (08): 21 (15)
Trace|        2 (10): 54 (36)
Trace|        3 (18): 1 (01)
Trace|        4 (20): 3 (03)
Trace|    10 bytes
Trace|    2 (12):
Trace|        1 (08): 63 (3F)
Trace|        2 (10): 54 (36)
Trace|        3 (18): 1 (01)
Trace|        4 (20): 10 (0A)
Trace|    10 bytes
Trace|22 bytes
Trace|2 (12):
Trace|    1 (0A):
Trace|        1 (08): 21 (15)
Trace|        2 (10): 114 (72)
Trace|        3 (18): 1 (01)
Trace|        4 (20): 6 (06)
Trace|    10 bytes
Trace|    2 (12):
Trace|        1 (08): 63 (3F)
Trace|        2 (10): 114 (72)
Trace|        3 (18): 1 (01)
Trace|        4 (20): 10 (0A)
Trace|    10 bytes
Trace|22 bytes
Trace|Parameter: 5
Trace|1 (0A):
Trace|    1 (0A):
Trace|        1 (0A):
Trace|            1 (08): 41 (29)
Trace|            2 (10): 190 (BE)
Trace|            3 (18): 57 (39)
Trace|            4 (20): 201 (C9)
Trace|            5 (28): 20 (14)
Trace|            6 (30): 0 (00)
Trace|            7 (38): 32 (20)
Trace|            8 (40): 10 (0A)
Trace|        20 bytes
Trace|        3 (1A):
Trace|            1 (08): 64 (40)
Trace|            2 (10): 190 (BE)
Trace|            3 (18): 80 (50)
Trace|            4 (20): 201 (C9)
Trace|            5 (28): 16 (10)
Trace|            6 (30): 0 (00)
Trace|            7 (38): 32 (20)
Trace|            8 (40): 10 (0A)
Trace|        20 bytes
Trace|    42 bytes
Trace|    3 (18): 0 (00)
Trace|    4 (20): 1 (01)
Trace|48 bytes
Trace|2 (12):
Trace|    1 (08): 23 (17)
Trace|    2 (10): 174 (AE)
Trace|    3 (18): 11 (0B)
Trace|    4 (20): 21 (15)
Trace|11 bytes
Trace|Encoding offsets and lengths...
Trace|1 (0A):
Trace|    1 (08): 111 (6F)
Trace|    2 (10): 42 (2A)
Trace|6 bytes
Trace|2 (12):
Trace|    1 (08): 0 (00)
Trace|    2 (10): 8 (08)
Trace|6 bytes
Trace|3 (1A):
Trace|    1 (08): 8 (08)
Trace|    2 (10): 44 (2C)
Trace|6 bytes
Trace|5 (2A):
Trace|    1 (08): 52 (34)
Trace|    2 (10): 59 (3B)
Trace|6 bytes
Trace|Writing header...
Trace|Writing parameters offsets and lengths...
Trace|Writing parameters...
Trace|Writing images...
Trace|Resource 0 offset is 0...
Debug|Encoding resource 0...
Trace|Writing image in Raw mode
Trace|No Transparency image...
Trace|Writing image header...
Trace|Width: 120, Height: 240, RowLength: 240
Trace|BPP: 16, PaletteColors: 0, Transaparency: 0
Trace|Writing image...
Trace|Resource 1 offset is 57616...
Debug|Encoding resource 1...
Trace|Writing image in Raw mode
Trace|Transparency image...
Trace|Writing image header...
Trace|Width: 38, Height: 51, RowLength: 152
Trace|BPP: 32, PaletteColors: 0, Transaparency: 0
Trace|Writing image...
Trace|Resource 2 offset is 65384...
Debug|Encoding resource 2...
Trace|Writing image in Raw mode
Trace|Transparency image...
Trace|Writing image header...
Trace|Width: 38, Height: 51, RowLength: 152
Trace|BPP: 32, PaletteColors: 0, Transaparency: 0
Trace|Writing image...
Trace|Resource 3 offset is 73152...
Debug|Encoding resource 3...
Trace|Writing image in Raw mode
Trace|Transparency image...
Trace|Writing image header...
Trace|Width: 38, Height: 51, RowLength: 152
Trace|BPP: 32, PaletteColors: 0, Transaparency: 0
Trace|Writing image...
Trace|Resource 4 offset is 80920...
Debug|Encoding resource 4...
Trace|Writing image in Raw mode
Trace|Transparency image...
Trace|Writing image header...
Trace|Width: 38, Height: 51, RowLength: 152
Trace|BPP: 32, PaletteColors: 0, Transaparency: 0
Trace|Writing image...
Trace|Resource 5 offset is 88688...
Debug|Encoding resource 5...
Trace|Writing image in Raw mode
Trace|Transparency image...
Trace|Writing image header...
Trace|Width: 38, Height: 51, RowLength: 152
Trace|BPP: 32, PaletteColors: 0, Transaparency: 0
Trace|Writing image...
Trace|Resource 6 offset is 96456...
Debug|Encoding resource 6...
Trace|Writing image in Raw mode
Trace|Transparency image...
Trace|Writing image header...
Trace|Width: 38, Height: 51, RowLength: 152
Trace|BPP: 32, PaletteColors: 0, Transaparency: 0
Trace|Writing image...
Trace|Resource 7 offset is 104224...
Debug|Encoding resource 7...
Trace|Writing image in Raw mode
Trace|Transparency image...
Trace|Writing image header...
Trace|Width: 38, Height: 51, RowLength: 152
Trace|BPP: 32, PaletteColors: 0, Transaparency: 0
Trace|Writing image...
Trace|Resource 8 offset is 111992...
Debug|Encoding resource 8...
Trace|Writing image in Raw mode
Trace|Transparency image...
Trace|Writing image header...
Trace|Width: 38, Height: 51, RowLength: 152
Trace|BPP: 32, PaletteColors: 0, Transaparency: 0
Trace|Writing image...
Trace|Resource 9 offset is 119760...
Debug|Encoding resource 9...
Trace|Writing image in Raw mode
Trace|Transparency image...
Trace|Writing image header...
Trace|Width: 38, Height: 51, RowLength: 152
Trace|BPP: 32, PaletteColors: 0, Transaparency: 0
Trace|Writing image...
Trace|Resource 10 offset is 127528...
Debug|Encoding resource 10...
Trace|Writing image in Raw mode
Trace|Transparency image...
Trace|Writing image header...
Trace|Width: 38, Height: 51, RowLength: 152
Trace|BPP: 32, PaletteColors: 0, Transaparency: 0
Trace|Writing image...
Trace|Resource 11 offset is 135296...
Debug|Encoding resource 11...
Trace|Writing image in Raw mode
Trace|Transparency image...
Trace|Writing image header...
Trace|Width: 1, Height: 1, RowLength: 4
Trace|BPP: 32, PaletteColors: 0, Transaparency: 0
Trace|Writing image...
Trace|Resource 12 offset is 135316...
Debug|Encoding resource 12...
Trace|Writing image in Raw mode
Trace|Transparency image...
Trace|Writing image header...
Trace|Width: 1, Height: 1, RowLength: 4
Trace|BPP: 32, PaletteColors: 0, Transaparency: 0
Trace|Writing image...
Trace|Resource 13 offset is 135336...
Debug|Encoding resource 13...
Trace|Writing image in Raw mode
Trace|Transparency image...
Trace|Writing image header...
Trace|Width: 1, Height: 1, RowLength: 4
Trace|BPP: 32, PaletteColors: 0, Transaparency: 0
Trace|Writing image...
Trace|Resource 14 offset is 135356...
Debug|Encoding resource 14...
Trace|Writing image in Raw mode
Trace|Transparency image...
Trace|Writing image header...
Trace|Width: 1, Height: 1, RowLength: 4
Trace|BPP: 32, PaletteColors: 0, Transaparency: 0
Trace|Writing image...
Trace|Resource 15 offset is 135376...
Debug|Encoding resource 15...
Trace|Writing image in Raw mode
Trace|Transparency image...
Trace|Writing image header...
Trace|Width: 1, Height: 1, RowLength: 4
Trace|BPP: 32, PaletteColors: 0, Transaparency: 0
Trace|Writing image...
Trace|Resource 16 offset is 135396...
Debug|Encoding resource 16...
Trace|Writing image in Raw mode
Trace|Transparency image...
Trace|Writing image header...
Trace|Width: 1, Height: 1, RowLength: 4
Trace|BPP: 32, PaletteColors: 0, Transaparency: 0
Trace|Writing image...
Trace|Resource 17 offset is 135416...
Debug|Encoding resource 17...
Trace|Writing image in Raw mode
Trace|Transparency image...
Trace|Writing image header...
Trace|Width: 1, Height: 1, RowLength: 4
Trace|BPP: 32, PaletteColors: 0, Transaparency: 0
Trace|Writing image...
Trace|Resource 18 offset is 135436...
Debug|Encoding resource 18...
Trace|Writing image in Raw mode
Trace|Transparency image...
Trace|Writing image header...
Trace|Width: 1, Height: 1, RowLength: 4
Trace|BPP: 32, PaletteColors: 0, Transaparency: 0
Trace|Writing image...
Trace|Resource 19 offset is 135456...
Debug|Encoding resource 19...
Trace|Writing image in Raw mode
Trace|Transparency image...
Trace|Writing image header...
Trace|Width: 1, Height: 1, RowLength: 4
Trace|BPP: 32, PaletteColors: 0, Transaparency: 0
Trace|Writing image...
Trace|Resource 20 offset is 135476...
Debug|Encoding resource 20...
Trace|Writing image in Raw mode
Trace|Transparency image...
Trace|Writing image header...
Trace|Width: 1, Height: 1, RowLength: 4
Trace|BPP: 32, PaletteColors: 0, Transaparency: 0
Trace|Writing image...
Trace|Resource 21 offset is 135496...
Debug|Encoding resource 21...
Trace|Writing image in Raw mode
Trace|Transparency image...
Trace|Writing image header...
Trace|Width: 1, Height: 1, RowLength: 4
Trace|BPP: 32, PaletteColors: 0, Transaparency: 0
Trace|Writing image...
Trace|Resource 22 offset is 135516...
Debug|Encoding resource 22...
Trace|Writing image in Raw mode
Trace|Transparency image...
Trace|Writing image header...
Trace|Width: 1, Height: 1, RowLength: 4
Trace|BPP: 32, PaletteColors: 0, Transaparency: 0
Trace|Writing image...
Trace|Resource 23 offset is 135536...
Debug|Encoding resource 23...
Trace|Writing image in Raw mode
Trace|Transparency image...
Trace|Writing image header...
Trace|Width: 1, Height: 1, RowLength: 4
Trace|BPP: 32, PaletteColors: 0, Transaparency: 0
Trace|Writing image...
Trace|Resource 24 offset is 135556...
Debug|Encoding resource 24...
Trace|Writing image in Raw mode
Trace|Transparency image...
Trace|Writing image header...
Trace|Width: 1, Height: 1, RowLength: 4
Trace|BPP: 32, PaletteColors: 0, Transaparency: 0
Trace|Writing image...
Trace|Resource 25 offset is 135576...
Debug|Encoding resource 25...
Trace|Writing image in Raw mode
Trace|Transparency image...
Trace|Writing image header...
Trace|Width: 75, Height: 16, RowLength: 300
Trace|BPP: 32, PaletteColors: 0, Transaparency: 0
Trace|Writing image...
Trace|Resource 26 offset is 140392...
Debug|Encoding resource 26...
Trace|Writing image in Raw mode
Trace|Transparency image...
Trace|Writing image header...
Trace|Width: 75, Height: 16, RowLength: 300
Trace|BPP: 32, PaletteColors: 0, Transaparency: 0
Trace|Writing image...
Trace|Resource 27 offset is 145208...
Debug|Encoding resource 27...
Trace|Writing image in Raw mode
Trace|Transparency image...
Trace|Writing image header...
Trace|Width: 75, Height: 16, RowLength: 300
Trace|BPP: 32, PaletteColors: 0, Transaparency: 0
Trace|Writing image...
Trace|Resource 28 offset is 150024...
Debug|Encoding resource 28...
Trace|Writing image in Raw mode
Trace|Transparency image...
Trace|Writing image header...
Trace|Width: 75, Height: 16, RowLength: 300
Trace|BPP: 32, PaletteColors: 0, Transaparency: 0
Trace|Writing image...
Trace|Resource 29 offset is 154840...
Debug|Encoding resource 29...
Trace|Writing image in Raw mode
Trace|Transparency image...
Trace|Writing image header...
Trace|Width: 75, Height: 16, RowLength: 300
Trace|BPP: 32, PaletteColors: 0, Transaparency: 0
Trace|Writing image...
Trace|Resource 30 offset is 159656...
Debug|Encoding resource 30...
Trace|Writing image in Raw mode
Trace|Transparency image...
Trace|Writing image header...
Trace|Width: 75, Height: 16, RowLength: 300
Trace|BPP: 32, PaletteColors: 0, Transaparency: 0
Trace|Writing image...
Trace|Resource 31 offset is 164472...
Debug|Encoding resource 31...
Trace|Writing image in Raw mode
Trace|Transparency image...
Trace|Writing image header...
Trace|Width: 75, Height: 16, RowLength: 300
Trace|BPP: 32, PaletteColors: 0, Transaparency: 0
Trace|Writing image...
Trace|Resource 32 offset is 169288...
Debug|Encoding resource 32...
Trace|Writing image in Raw mode
Trace|Transparency image...
Trace|Writing image header...
Trace|Width: 9, Height: 16, RowLength: 36
Trace|BPP: 32, PaletteColors: 0, Transaparency: 0
Trace|Writing image...
Trace|Resource 33 offset is 169880...
Debug|Encoding resource 33...
Trace|Writing image in Raw mode
Trace|Transparency image...
Trace|Writing image header...
Trace|Width: 9, Height: 16, RowLength: 36
Trace|BPP: 32, PaletteColors: 0, Transaparency: 0
Trace|Writing image...
Trace|Resource 34 offset is 170472...
Debug|Encoding resource 34...
Trace|Writing image in Raw mode
Trace|Transparency image...
Trace|Writing image header...
Trace|Width: 9, Height: 16, RowLength: 36
Trace|BPP: 32, PaletteColors: 0, Transaparency: 0
Trace|Writing image...
Trace|Resource 35 offset is 171064...
Debug|Encoding resource 35...
Trace|Writing image in Raw mode
Trace|Transparency image...
Trace|Writing image header...
Trace|Width: 9, Height: 16, RowLength: 36
Trace|BPP: 32, PaletteColors: 0, Transaparency: 0
Trace|Writing image...
Trace|Resource 36 offset is 171656...
Debug|Encoding resource 36...
Trace|Writing image in Raw mode
Trace|Transparency image...
Trace|Writing image header...
Trace|Width: 9, Height: 16, RowLength: 36
Trace|BPP: 32, PaletteColors: 0, Transaparency: 0
Trace|Writing image...
Trace|Resource 37 offset is 172248...
Debug|Encoding resource 37...
Trace|Writing image in Raw mode
Trace|Transparency image...
Trace|Writing image header...
Trace|Width: 9, Height: 16, RowLength: 36
Trace|BPP: 32, PaletteColors: 0, Transaparency: 0
Trace|Writing image...
Trace|Resource 38 offset is 172840...
Debug|Encoding resource 38...
Trace|Writing image in Raw mode
Trace|Transparency image...
Trace|Writing image header...
Trace|Width: 9, Height: 16, RowLength: 36
Trace|BPP: 32, PaletteColors: 0, Transaparency: 0
Trace|Writing image...
Trace|Resource 39 offset is 173432...
Debug|Encoding resource 39...
Trace|Writing image in Raw mode
Trace|Transparency image...
Trace|Writing image header...
Trace|Width: 9, Height: 16, RowLength: 36
Trace|BPP: 32, PaletteColors: 0, Transaparency: 0
Trace|Writing image...
Trace|Resource 40 offset is 174024...
Debug|Encoding resource 40...
Trace|Writing image in Raw mode
Trace|Transparency image...
Trace|Writing image header...
Trace|Width: 9, Height: 16, RowLength: 36
Trace|BPP: 32, PaletteColors: 0, Transaparency: 0
Trace|Writing image...
Trace|Resource 41 offset is 174616...
Debug|Encoding resource 41...
Trace|Writing image in Raw mode
Trace|Transparency image...
Trace|Writing image header...
Trace|Width: 9, Height: 16, RowLength: 36
Trace|BPP: 32, PaletteColors: 0, Transaparency: 0
Trace|Writing image...
Trace|Writing resources offsets table
Debug|Writing resources
